\BOOKMARK [1][-]{section*.1}{\315NDICE}{}% 1
\BOOKMARK [1][-]{section*.3}{\315NDICE DE TABLAS}{}% 2
\BOOKMARK [1][-]{section*.5}{\315NDICE DE FIGURAS}{}% 3
\BOOKMARK [1][-]{section*.7}{RESUMEN}{}% 4
\BOOKMARK [1][-]{section*.8}{ABSTRACT}{}% 5
\BOOKMARK [1][-]{section.1}{INTRODUCCI\323N}{}% 6
\BOOKMARK [2][-]{subsection.1.1}{Objetivos}{section.1}% 7
\BOOKMARK [3][-]{subsubsection.1.1.1}{Objetivo general}{subsection.1.1}% 8
\BOOKMARK [3][-]{subsubsection.1.1.2}{Objetivos espec\355ficos}{subsection.1.1}% 9
\BOOKMARK [2][-]{subsection.1.2}{Motivaci\363n}{section.1}% 10
\BOOKMARK [2][-]{subsection.1.3}{Impacto}{section.1}% 11
\BOOKMARK [1][-]{section.2}{MARCO TE\323RICO}{}% 12
\BOOKMARK [2][-]{subsection.2.1}{Open Hardware}{section.2}% 13
\BOOKMARK [3][-]{subsubsection.2.1.1}{\277Qu\351 es Open Hardware?}{subsection.2.1}% 14
\BOOKMARK [2][-]{subsection.2.2}{Biometr\355a}{section.2}% 15
\BOOKMARK [3][-]{subsubsection.2.2.1}{Enrrolamiento y Autenticaci\363n}{subsection.2.2}% 16
\BOOKMARK [3][-]{subsubsection.2.2.2}{Verificaci\363n versus Identificaci\363n}{subsection.2.2}% 17
\BOOKMARK [3][-]{subsubsection.2.2.3}{Criterios de selecci\363n de caracter\355sticas biom\351tricas}{subsection.2.2}% 18
\BOOKMARK [3][-]{subsubsection.2.2.4}{Medidas de Rendimiento y Exactitud}{subsection.2.2}% 19
\BOOKMARK [3][-]{subsubsection.2.2.5}{Dactiloscop\355a: Reconocimiento de huellas dactilares}{subsection.2.2}% 20
\BOOKMARK [1][-]{section.3}{SOLUCI\323N PROPUESTA}{}% 21
\BOOKMARK [1][-]{section.4}{AN\301LISIS Y DISE\321O}{}% 22
\BOOKMARK [1][-]{section.5}{IMPLEMENTACI\323N}{}% 23
\BOOKMARK [1][-]{section.6}{RESULTADOS}{}% 24
\BOOKMARK [1][-]{section.7}{CONCLUSIONES}{}% 25
\BOOKMARK [1][-]{section*.29}{BIBLIOGRAF\315A}{}% 26
